<?xml version="1.0" encoding="UTF-8"?>
<!-- Generated by org.testng.reporters.JUnitXMLReporter -->
<testsuite ignored="0" hostname="Gsstvl50" failures="0" tests="1" name="Test" time="0.06" errors="0" timestamp="2025-02-19T14:20:48 IST">
  <testcase classname="commonFunctions.CommonFunc" name="@BeforeSuite launchBrowser" time="0.097">
    <failure type="java.lang.IllegalStateException" message="The driver executable does not exist: C:\Users\stellak\eclipse-workspace\PageObjectModel\location">
      <![CDATA[java.lang.IllegalStateException: The driver executable does not exist: C:\Users\stellak\eclipse-workspace\PageObjectModel\location
at com.google.common.base.Preconditions.checkState(Preconditions.java:585)
at org.openqa.selenium.remote.service.DriverService.checkExecutable(DriverService.java:146)
at org.openqa.selenium.remote.service.DriverService.findExecutable(DriverService.java:141)
at org.openqa.selenium.chrome.ChromeDriverService.access$000(ChromeDriverService.java:35)
at org.openqa.selenium.chrome.ChromeDriverService$Builder.findDefaultExecutable(ChromeDriverService.java:159)
at org.openqa.selenium.remote.service.DriverService$Builder.build(DriverService.java:355)
at org.openqa.selenium.chrome.ChromeDriverService.createDefaultService(ChromeDriverService.java:94)
at org.openqa.selenium.chrome.ChromeDriver.<init>(ChromeDriver.java:123)
at commonFunctions.CommonFunc.launchBrowser(CommonFunc.java:29)
... Removed 17 stack frames]]>
    </failure>
  </testcase> <!-- @BeforeSuite launchBrowser -->
  <testcase classname="testCases.LoginTestCase" name="logintest" time="0.0">
    <skipped/>
  </testcase> <!-- logintest -->
</testsuite> <!-- Test -->
